myshopping/android/app/build/intermediates/manifest_merge_blame_file/debug/manifest-merger-blame-debug-report.txt
1<?xml version="1.0" encoding="utf-8"?>
2<manifest xmlns:android="http://schemas.android.com/apk/res/android"
3    package="com.myshopping"
4    android:versionCode="1"
5    android:versionName="1.0" >
6
7    <uses-sdk
8        android:minSdkVersion="21"
9        android:targetSdkVersion="30" />
10
11    <uses-permission android:name="android.permission.SYSTEM_ALERT_WINDOW" />
11-->src\main\AndroidManifest.xml:3:3-75
11-->src\main\AndroidManifest.xml:3:20-73
12    <uses-permission android:name="android.permission.INTERNET" />
12-->src\main\AndroidManifest.xml:2:3-64
12-->src\main\AndroidManifest.xml:2:20-62
13    <uses-permission android:name="android.permission.VIBRATE" />
13-->src\main\AndroidManifest.xml:4:3-63
13-->src\main\AndroidManifest.xml:4:20-61
14    <uses-permission android:name="android.permission.READ_EXTERNAL_STORAGE" />
14-->src\main\AndroidManifest.xml:5:3-77
14-->src\main\AndroidManifest.xml:5:20-75
15    <uses-permission android:name="android.permission.WRITE_EXTERNAL_STORAGE" />
15-->src\main\AndroidManifest.xml:6:3-78
15-->src\main\AndroidManifest.xml:6:20-76
16
17    <queries>
17-->src\main\AndroidManifest.xml:7:3-13:13
18        <intent>
18-->src\main\AndroidManifest.xml:8:5-12:14
19            <action android:name="android.intent.action.VIEW" />
19-->src\main\AndroidManifest.xml:9:7-58
19-->src\main\AndroidManifest.xml:9:15-56
20
21            <category android:name="android.intent.category.BROWSABLE" />
21-->src\main\AndroidManifest.xml:10:7-67
21-->src\main\AndroidManifest.xml:10:17-65
22
23            <data android:scheme="https" />
23-->src\main\AndroidManifest.xml:11:7-37
23-->src\main\AndroidManifest.xml:11:13-35
24        </intent>
25        <!-- Query open documents -->
26        <intent>
26-->[:expo-file-system] AndroidManifest.xml:19:9-21:18
27            <action android:name="android.intent.action.OPEN_DOCUMENT_TREE" />
27-->[:expo-file-system] AndroidManifest.xml:20:13-79
27-->[:expo-file-system] AndroidManifest.xml:20:21-76
28        </intent>
29        <intent>
29-->[:expo-image-picker] AndroidManifest.xml:18:9-22:18
30
31            <!-- Required for picking images from the camera roll if targeting API 30 -->
32            <action android:name="android.media.action.IMAGE_CAPTURE" />
32-->[:expo-image-picker] AndroidManifest.xml:21:13-73
32-->[:expo-image-picker] AndroidManifest.xml:21:21-70
33        </intent>
34        <intent>
34-->[:expo-image-picker] AndroidManifest.xml:23:9-27:18
35
36            <!-- Required for picking images from the camera if targeting API 30 -->
37            <action android:name="android.media.action.ACTION_VIDEO_CAPTURE" />
37-->[:expo-image-picker] AndroidManifest.xml:26:13-80
37-->[:expo-image-picker] AndroidManifest.xml:26:21-77
38        </intent>
39    </queries>
40
41    <uses-permission android:name="android.permission.ACCESS_WIFI_STATE" />
41-->[com.facebook.flipper:flipper:0.54.0] AndroidManifest.xml:16:5-76
41-->[com.facebook.flipper:flipper:0.54.0] AndroidManifest.xml:16:22-73
42    <uses-permission android:name="android.permission.WAKE_LOCK" />
42-->[:react-native-firebase_auth] AndroidManifest.xml:12:5-68
42-->[:react-native-firebase_auth] AndroidManifest.xml:12:22-65
43    <uses-permission android:name="android.permission.ACCESS_NETWORK_STATE" /> <!-- Required for picking images from camera directly -->
43-->[:react-native-firebase_auth] AndroidManifest.xml:13:5-79
43-->[:react-native-firebase_auth] AndroidManifest.xml:13:22-76
44    <uses-permission android:name="android.permission.CAMERA" />
44-->[:expo-image-picker] AndroidManifest.xml:11:5-65
44-->[:expo-image-picker] AndroidManifest.xml:11:22-62
45    <uses-permission android:name="com.google.android.finsky.permission.BIND_GET_INSTALL_REFERRER_SERVICE" /> <!-- Include required permissions for Advertising Id -->
45-->[com.google.android.gms:play-services-measurement:20.0.2] AndroidManifest.xml:26:5-110
45-->[com.google.android.gms:play-services-measurement:20.0.2] AndroidManifest.xml:26:22-107
46    <uses-permission android:name="com.google.android.gms.permission.AD_ID" />
46-->[com.google.android.gms:play-services-ads-identifier:18.0.0] AndroidManifest.xml:23:5-79
46-->[com.google.android.gms:play-services-ads-identifier:18.0.0] AndroidManifest.xml:23:22-76
47
48    <application
48-->src\main\AndroidManifest.xml:14:3-27:17
49        android:name="com.myshopping.MainApplication"
49-->src\main\AndroidManifest.xml:14:16-47
50        android:allowBackup="false"
50-->src\main\AndroidManifest.xml:14:162-189
51        android:appComponentFactory="androidx.core.app.CoreComponentFactory"
51-->[androidx.core:core:1.3.0] AndroidManifest.xml:24:18-86
52        android:debuggable="true"
53        android:icon="@mipmap/ic_launcher"
53-->src\main\AndroidManifest.xml:14:81-115
54        android:label="@string/app_name"
54-->src\main\AndroidManifest.xml:14:48-80
55        android:roundIcon="@mipmap/ic_launcher_round"
55-->src\main\AndroidManifest.xml:14:116-161
56        android:theme="@style/AppTheme"
56-->src\main\AndroidManifest.xml:14:190-221
57        android:usesCleartextTraffic="true" >
57-->src\main\AndroidManifest.xml:14:222-257
58        <meta-data
58-->src\main\AndroidManifest.xml:15:5-130
59            android:name="expo.modules.updates.EXPO_UPDATE_URL"
59-->src\main\AndroidManifest.xml:15:16-67
60            android:value="https://exp.host/@rodrigogsantana/myshopping" />
60-->src\main\AndroidManifest.xml:15:68-128
61        <meta-data
61-->src\main\AndroidManifest.xml:16:5-93
62            android:name="expo.modules.updates.EXPO_SDK_VERSION"
62-->src\main\AndroidManifest.xml:16:16-68
63            android:value="43.0.0" />
63-->src\main\AndroidManifest.xml:16:69-91
64        <meta-data
64-->src\main\AndroidManifest.xml:17:5-82
65            android:name="expo.modules.updates.ENABLED"
65-->src\main\AndroidManifest.xml:17:16-59
66            android:value="true" />
66-->src\main\AndroidManifest.xml:17:60-80
67        <meta-data
67-->src\main\AndroidManifest.xml:18:5-105
68            android:name="expo.modules.updates.EXPO_UPDATES_CHECK_ON_LAUNCH"
68-->src\main\AndroidManifest.xml:18:16-80
69            android:value="ALWAYS" />
69-->src\main\AndroidManifest.xml:18:81-103
70        <meta-data
70-->src\main\AndroidManifest.xml:19:5-99
71            android:name="expo.modules.updates.EXPO_UPDATES_LAUNCH_WAIT_MS"
71-->src\main\AndroidManifest.xml:19:16-79
72            android:value="0" />
72-->src\main\AndroidManifest.xml:19:80-97
73
74        <activity
74-->src\main\AndroidManifest.xml:20:5-25:16
75            android:name="com.myshopping.MainActivity"
75-->src\main\AndroidManifest.xml:20:15-43
76            android:configChanges="keyboard|keyboardHidden|orientation|screenSize|uiMode"
76-->src\main\AndroidManifest.xml:20:77-154
77            android:label="@string/app_name"
77-->src\main\AndroidManifest.xml:20:44-76
78            android:launchMode="singleTask"
78-->src\main\AndroidManifest.xml:20:155-186
79            android:theme="@style/Theme.App.SplashScreen"
79-->src\main\AndroidManifest.xml:20:230-275
80            android:windowSoftInputMode="adjustResize" >
80-->src\main\AndroidManifest.xml:20:187-229
81            <intent-filter>
81-->src\main\AndroidManifest.xml:21:7-24:23
82                <action android:name="android.intent.action.MAIN" />
82-->src\main\AndroidManifest.xml:22:9-60
82-->src\main\AndroidManifest.xml:22:17-58
83
84                <category android:name="android.intent.category.LAUNCHER" />
84-->src\main\AndroidManifest.xml:23:9-68
84-->src\main\AndroidManifest.xml:23:19-66
85            </intent-filter>
86        </activity>
87        <activity android:name="com.facebook.react.devsupport.DevSettingsActivity" />
87-->src\main\AndroidManifest.xml:26:5-81
87-->src\main\AndroidManifest.xml:26:15-79
88
89        <meta-data
89-->[:react-native-firebase_app] AndroidManifest.xml:12:9-14:36
90            android:name="app_data_collection_default_enabled"
90-->[:react-native-firebase_app] AndroidManifest.xml:13:13-63
91            android:value="true" />
91-->[:react-native-firebase_app] AndroidManifest.xml:14:13-33
92
93        <service
93-->[:react-native-firebase_app] AndroidManifest.xml:16:9-20:19
94            android:name="com.google.firebase.components.ComponentDiscoveryService"
94-->[:react-native-firebase_app] AndroidManifest.xml:16:18-89
95            android:directBootAware="true"
95-->[com.google.firebase:firebase-common:20.0.0] AndroidManifest.xml:35:13-43
96            android:exported="false" >
96-->[com.google.firebase:firebase-auth:21.0.1] AndroidManifest.xml:76:13-37
97            <meta-data
97-->[:react-native-firebase_app] AndroidManifest.xml:17:13-19:85
98                android:name="com.google.firebase.components:io.invertase.firebase.app.ReactNativeFirebaseAppRegistrar"
98-->[:react-native-firebase_app] AndroidManifest.xml:18:17-120
99                android:value="com.google.firebase.components.ComponentRegistrar" />
99-->[:react-native-firebase_app] AndroidManifest.xml:19:17-82
100            <meta-data
100-->[com.google.firebase:firebase-auth:21.0.1] AndroidManifest.xml:77:13-79:85
101                android:name="com.google.firebase.components:com.google.firebase.auth.FirebaseAuthRegistrar"
101-->[com.google.firebase:firebase-auth:21.0.1] AndroidManifest.xml:78:17-109
102                android:value="com.google.firebase.components.ComponentRegistrar" />
102-->[com.google.firebase:firebase-auth:21.0.1] AndroidManifest.xml:79:17-82
103            <meta-data
103-->[com.google.firebase:firebase-firestore:24.0.0] AndroidManifest.xml:20:13-22:85
104                android:name="com.google.firebase.components:com.google.firebase.firestore.FirestoreRegistrar"
104-->[com.google.firebase:firebase-firestore:24.0.0] AndroidManifest.xml:21:17-111
105                android:value="com.google.firebase.components.ComponentRegistrar" />
105-->[com.google.firebase:firebase-firestore:24.0.0] AndroidManifest.xml:22:17-82
106            <meta-data
106-->[com.google.firebase:firebase-storage:20.0.0] AndroidManifest.xml:33:13-35:85
107                android:name="com.google.firebase.components:com.google.firebase.storage.StorageRegistrar"
107-->[com.google.firebase:firebase-storage:20.0.0] AndroidManifest.xml:34:17-107
108                android:value="com.google.firebase.components.ComponentRegistrar" />
108-->[com.google.firebase:firebase-storage:20.0.0] AndroidManifest.xml:35:17-82
109            <meta-data
109-->[com.google.android.gms:play-services-measurement-api:20.0.2] AndroidManifest.xml:30:13-32:85
110                android:name="com.google.firebase.components:com.google.firebase.analytics.connector.internal.AnalyticsConnectorRegistrar"
110-->[com.google.android.gms:play-services-measurement-api:20.0.2] AndroidManifest.xml:31:17-139
111                android:value="com.google.firebase.components.ComponentRegistrar" />
111-->[com.google.android.gms:play-services-measurement-api:20.0.2] AndroidManifest.xml:32:17-82
112            <meta-data
112-->[com.google.firebase:firebase-installations:17.0.0] AndroidManifest.xml:18:13-20:85
113                android:name="com.google.firebase.components:com.google.firebase.installations.FirebaseInstallationsRegistrar"
113-->[com.google.firebase:firebase-installations:17.0.0] AndroidManifest.xml:19:17-127
114                android:value="com.google.firebase.components.ComponentRegistrar" />
114-->[com.google.firebase:firebase-installations:17.0.0] AndroidManifest.xml:20:17-82
115        </service>
116
117        <provider
117-->[:react-native-firebase_app] AndroidManifest.xml:22:9-26:38
118            android:name="io.invertase.firebase.app.ReactNativeFirebaseAppInitProvider"
118-->[:react-native-firebase_app] AndroidManifest.xml:23:13-88
119            android:authorities="com.myshopping.reactnativefirebaseappinitprovider"
119-->[:react-native-firebase_app] AndroidManifest.xml:24:13-86
120            android:exported="false"
120-->[:react-native-firebase_app] AndroidManifest.xml:25:13-37
121            android:initOrder="99" />
121-->[:react-native-firebase_app] AndroidManifest.xml:26:13-35
122        <provider
122-->[:expo-file-system] AndroidManifest.xml:25:9-34:20
123            android:name="expo.modules.filesystem.FileSystemFileProvider"
123-->[:expo-file-system] AndroidManifest.xml:26:13-74
124            android:authorities="com.myshopping.FileSystemFileProvider"
124-->[:expo-file-system] AndroidManifest.xml:27:13-74
125            android:exported="false"
125-->[:expo-file-system] AndroidManifest.xml:28:13-37
126            android:grantUriPermissions="true" >
126-->[:expo-file-system] AndroidManifest.xml:29:13-47
127            <meta-data
127-->[:expo-file-system] AndroidManifest.xml:31:13-33:70
128                android:name="android.support.FILE_PROVIDER_PATHS"
128-->[:expo-file-system] AndroidManifest.xml:32:17-67
129                android:resource="@xml/file_system_provider_paths" />
129-->[:expo-file-system] AndroidManifest.xml:33:17-67
130        </provider>
131
132        <activity
132-->[:expo-image-picker] AndroidManifest.xml:31:9-33:59
133            android:name="com.theartofdev.edmodo.cropper.CropImageActivity"
133-->[:expo-image-picker] AndroidManifest.xml:32:13-76
134            android:theme="@style/Base.Theme.AppCompat" /> <!-- https://developer.android.com/guide/topics/manifest/provider-element.html -->
134-->[:expo-image-picker] AndroidManifest.xml:33:13-56
135        <provider
135-->[:expo-image-picker] AndroidManifest.xml:35:9-43:20
136            android:name="expo.modules.imagepicker.ImagePickerFileProvider"
136-->[:expo-image-picker] AndroidManifest.xml:36:13-76
137            android:authorities="com.myshopping.ImagePickerFileProvider"
137-->[:expo-image-picker] AndroidManifest.xml:37:13-75
138            android:exported="false"
138-->[:expo-image-picker] AndroidManifest.xml:38:13-37
139            android:grantUriPermissions="true" >
139-->[:expo-image-picker] AndroidManifest.xml:39:13-47
140            <meta-data
140-->[:expo-file-system] AndroidManifest.xml:31:13-33:70
141                android:name="android.support.FILE_PROVIDER_PATHS"
141-->[:expo-file-system] AndroidManifest.xml:32:17-67
142                android:resource="@xml/image_picker_provider_paths" />
142-->[:expo-file-system] AndroidManifest.xml:33:17-67
143        </provider>
144
145        <meta-data
145-->[:expo-modules-core] AndroidManifest.xml:12:9-14:89
146            android:name="org.unimodules.core.AppLoader#react-native-headless"
146-->[:expo-modules-core] AndroidManifest.xml:13:13-79
147            android:value="expo.modules.adapters.react.apploader.RNHeadlessAppLoader" />
147-->[:expo-modules-core] AndroidManifest.xml:14:13-86
148
149        <activity
149-->[com.google.firebase:firebase-auth:21.0.1] AndroidManifest.xml:27:9-44:20
150            android:name="com.google.firebase.auth.internal.GenericIdpActivity"
150-->[com.google.firebase:firebase-auth:21.0.1] AndroidManifest.xml:28:13-80
151            android:excludeFromRecents="true"
151-->[com.google.firebase:firebase-auth:21.0.1] AndroidManifest.xml:29:13-46
152            android:exported="true"
152-->[com.google.firebase:firebase-auth:21.0.1] AndroidManifest.xml:30:13-36
153            android:launchMode="singleTask"
153-->[com.google.firebase:firebase-auth:21.0.1] AndroidManifest.xml:31:13-44
154            android:theme="@android:style/Theme.Translucent.NoTitleBar" >
154-->[com.google.firebase:firebase-auth:21.0.1] AndroidManifest.xml:32:13-72
155            <intent-filter>
155-->[com.google.firebase:firebase-auth:21.0.1] AndroidManifest.xml:33:13-43:29
156                <action android:name="android.intent.action.VIEW" />
156-->src\main\AndroidManifest.xml:9:7-58
156-->src\main\AndroidManifest.xml:9:15-56
157
158                <category android:name="android.intent.category.DEFAULT" />
158-->[com.google.firebase:firebase-auth:21.0.1] AndroidManifest.xml:36:17-76
158-->[com.google.firebase:firebase-auth:21.0.1] AndroidManifest.xml:36:27-73
159                <category android:name="android.intent.category.BROWSABLE" />
159-->src\main\AndroidManifest.xml:10:7-67
159-->src\main\AndroidManifest.xml:10:17-65
160
161                <data
161-->src\main\AndroidManifest.xml:11:7-37
162                    android:host="firebase.auth"
163                    android:path="/"
164                    android:scheme="genericidp" />
164-->src\main\AndroidManifest.xml:11:13-35
165            </intent-filter>
166        </activity>
167        <activity
167-->[com.google.firebase:firebase-auth:21.0.1] AndroidManifest.xml:45:9-62:20
168            android:name="com.google.firebase.auth.internal.RecaptchaActivity"
168-->[com.google.firebase:firebase-auth:21.0.1] AndroidManifest.xml:46:13-79
169            android:excludeFromRecents="true"
169-->[com.google.firebase:firebase-auth:21.0.1] AndroidManifest.xml:47:13-46
170            android:exported="true"
170-->[com.google.firebase:firebase-auth:21.0.1] AndroidManifest.xml:48:13-36
171            android:launchMode="singleTask"
171-->[com.google.firebase:firebase-auth:21.0.1] AndroidManifest.xml:49:13-44
172            android:theme="@android:style/Theme.Translucent.NoTitleBar" >
172-->[com.google.firebase:firebase-auth:21.0.1] AndroidManifest.xml:50:13-72
173            <intent-filter>
173-->[com.google.firebase:firebase-auth:21.0.1] AndroidManifest.xml:51:13-61:29
174                <action android:name="android.intent.action.VIEW" />
174-->src\main\AndroidManifest.xml:9:7-58
174-->src\main\AndroidManifest.xml:9:15-56
175
176                <category android:name="android.intent.category.DEFAULT" />
176-->[com.google.firebase:firebase-auth:21.0.1] AndroidManifest.xml:36:17-76
176-->[com.google.firebase:firebase-auth:21.0.1] AndroidManifest.xml:36:27-73
177                <category android:name="android.intent.category.BROWSABLE" />
177-->src\main\AndroidManifest.xml:10:7-67
177-->src\main\AndroidManifest.xml:10:17-65
178
179                <data
179-->src\main\AndroidManifest.xml:11:7-37
180                    android:host="firebase.auth"
181                    android:path="/"
182                    android:scheme="recaptcha" />
182-->src\main\AndroidManifest.xml:11:13-35
183            </intent-filter>
184        </activity>
185
186        <service
186-->[com.google.firebase:firebase-auth:21.0.1] AndroidManifest.xml:64:9-73:19
187            android:name="com.google.firebase.auth.api.fallback.service.FirebaseAuthFallbackService"
187-->[com.google.firebase:firebase-auth:21.0.1] AndroidManifest.xml:65:13-101
188            android:enabled="true"
188-->[com.google.firebase:firebase-auth:21.0.1] AndroidManifest.xml:66:13-35
189            android:exported="false" >
189-->[com.google.firebase:firebase-auth:21.0.1] AndroidManifest.xml:67:13-37
190            <intent-filter>
190-->[com.google.firebase:firebase-auth:21.0.1] AndroidManifest.xml:68:13-72:29
191                <action android:name="com.google.firebase.auth.api.gms.service.START" />
191-->[com.google.firebase:firebase-auth:21.0.1] AndroidManifest.xml:69:17-89
191-->[com.google.firebase:firebase-auth:21.0.1] AndroidManifest.xml:69:25-86
192
193                <category android:name="android.intent.category.DEFAULT" />
193-->[com.google.firebase:firebase-auth:21.0.1] AndroidManifest.xml:36:17-76
193-->[com.google.firebase:firebase-auth:21.0.1] AndroidManifest.xml:36:27-73
194            </intent-filter>
195        </service>
196
197        <provider
197-->[com.google.firebase:firebase-common:20.0.0] AndroidManifest.xml:26:9-31:39
198            android:name="com.google.firebase.provider.FirebaseInitProvider"
198-->[com.google.firebase:firebase-common:20.0.0] AndroidManifest.xml:27:13-77
199            android:authorities="com.myshopping.firebaseinitprovider"
199-->[com.google.firebase:firebase-common:20.0.0] AndroidManifest.xml:28:13-72
200            android:directBootAware="true"
200-->[com.google.firebase:firebase-common:20.0.0] AndroidManifest.xml:29:13-43
201            android:exported="false"
201-->[com.google.firebase:firebase-common:20.0.0] AndroidManifest.xml:30:13-37
202            android:initOrder="100" />
202-->[com.google.firebase:firebase-common:20.0.0] AndroidManifest.xml:31:13-36
203
204        <activity
204-->[com.google.android.gms:play-services-auth:20.0.0] AndroidManifest.xml:23:9-27:75
205            android:name="com.google.android.gms.auth.api.signin.internal.SignInHubActivity"
205-->[com.google.android.gms:play-services-auth:20.0.0] AndroidManifest.xml:24:13-93
206            android:excludeFromRecents="true"
206-->[com.google.android.gms:play-services-auth:20.0.0] AndroidManifest.xml:25:13-46
207            android:exported="false"
207-->[com.google.android.gms:play-services-auth:20.0.0] AndroidManifest.xml:26:13-37
208            android:theme="@android:style/Theme.Translucent.NoTitleBar" />
208-->[com.google.android.gms:play-services-auth:20.0.0] AndroidManifest.xml:27:13-72
209        <!--
210            Service handling Google Sign-In user revocation. For apps that do not integrate with
211            Google Sign-In, this service will never be started.
212        -->
213        <service
213-->[com.google.android.gms:play-services-auth:20.0.0] AndroidManifest.xml:33:9-37:51
214            android:name="com.google.android.gms.auth.api.signin.RevocationBoundService"
214-->[com.google.android.gms:play-services-auth:20.0.0] AndroidManifest.xml:34:13-89
215            android:exported="true"
215-->[com.google.android.gms:play-services-auth:20.0.0] AndroidManifest.xml:35:13-36
216            android:permission="com.google.android.gms.auth.api.signin.permission.REVOCATION_NOTIFICATION"
216-->[com.google.android.gms:play-services-auth:20.0.0] AndroidManifest.xml:36:13-107
217            android:visibleToInstantApps="true" />
217-->[com.google.android.gms:play-services-auth:20.0.0] AndroidManifest.xml:37:13-48
218
219        <activity
219-->[com.google.android.gms:play-services-base:18.0.0] AndroidManifest.xml:20:9-22:45
220            android:name="com.google.android.gms.common.api.GoogleApiActivity"
220-->[com.google.android.gms:play-services-base:18.0.0] AndroidManifest.xml:20:19-85
221            android:exported="false"
221-->[com.google.android.gms:play-services-base:18.0.0] AndroidManifest.xml:22:19-43
222            android:theme="@android:style/Theme.Translucent.NoTitleBar" />
222-->[com.google.android.gms:play-services-base:18.0.0] AndroidManifest.xml:21:19-78
223
224        <receiver
224-->[com.google.android.gms:play-services-measurement:20.0.2] AndroidManifest.xml:29:9-33:20
225            android:name="com.google.android.gms.measurement.AppMeasurementReceiver"
225-->[com.google.android.gms:play-services-measurement:20.0.2] AndroidManifest.xml:30:13-85
226            android:enabled="true"
226-->[com.google.android.gms:play-services-measurement:20.0.2] AndroidManifest.xml:31:13-35
227            android:exported="false" >
227-->[com.google.android.gms:play-services-measurement:20.0.2] AndroidManifest.xml:32:13-37
228        </receiver>
229
230        <service
230-->[com.google.android.gms:play-services-measurement:20.0.2] AndroidManifest.xml:35:9-38:40
231            android:name="com.google.android.gms.measurement.AppMeasurementService"
231-->[com.google.android.gms:play-services-measurement:20.0.2] AndroidManifest.xml:36:13-84
232            android:enabled="true"
232-->[com.google.android.gms:play-services-measurement:20.0.2] AndroidManifest.xml:37:13-35
233            android:exported="false" />
233-->[com.google.android.gms:play-services-measurement:20.0.2] AndroidManifest.xml:38:13-37
234        <service
234-->[com.google.android.gms:play-services-measurement:20.0.2] AndroidManifest.xml:39:9-43:72
235            android:name="com.google.android.gms.measurement.AppMeasurementJobService"
235-->[com.google.android.gms:play-services-measurement:20.0.2] AndroidManifest.xml:40:13-87
236            android:enabled="true"
236-->[com.google.android.gms:play-services-measurement:20.0.2] AndroidManifest.xml:41:13-35
237            android:exported="false"
237-->[com.google.android.gms:play-services-measurement:20.0.2] AndroidManifest.xml:42:13-37
238            android:permission="android.permission.BIND_JOB_SERVICE" />
238-->[com.google.android.gms:play-services-measurement:20.0.2] AndroidManifest.xml:43:13-69
239
240        <meta-data
240-->[com.google.android.gms:play-services-basement:18.0.0] AndroidManifest.xml:21:9-23:69
241            android:name="com.google.android.gms.version"
241-->[com.google.android.gms:play-services-basement:18.0.0] AndroidManifest.xml:22:13-58
242            android:value="@integer/google_play_services_version" />
242-->[com.google.android.gms:play-services-basement:18.0.0] AndroidManifest.xml:23:13-66
243
244        <service
244-->[androidx.room:room-runtime:2.1.0] AndroidManifest.xml:25:9-27:40
245            android:name="androidx.room.MultiInstanceInvalidationService"
245-->[androidx.room:room-runtime:2.1.0] AndroidManifest.xml:26:13-74
246            android:exported="false" />
246-->[androidx.room:room-runtime:2.1.0] AndroidManifest.xml:27:13-37
247    </application>
248
249</manifest>